{
  "stats": {
    "suites": 1,
    "tests": 3,
    "passes": 3,
    "pending": 0,
    "failures": 0,
    "start": "2022-03-18T15:06:07.963Z",
    "end": "2022-03-18T15:06:36.280Z",
    "duration": 28317,
    "testsRegistered": 3,
    "passPercent": 100,
    "pendingPercent": 0,
    "other": 0,
    "hasOther": false,
    "skipped": 0,
    "hasSkipped": false
  },
  "results": [
    {
      "uuid": "0af45cf4-9041-46af-bfc7-2f888ae04f47",
      "title": "",
      "fullFile": "cypress/integration/userRegistration.spec.js",
      "file": "cypress/integration/userRegistration.spec.js",
      "beforeHooks": [],
      "afterHooks": [],
      "tests": [],
      "suites": [
        {
          "uuid": "0163cfb7-8075-4636-808f-4ca180fe512b",
          "title": "RegisterUser",
          "fullFile": "",
          "file": "",
          "beforeHooks": [],
          "afterHooks": [],
          "tests": [
            {
              "title": "When I click Sign In then it redirects to AUTHENTICATION page",
              "fullTitle": "RegisterUser When I click Sign In then it redirects to AUTHENTICATION page",
              "timedOut": null,
              "duration": 8894,
              "state": "passed",
              "speed": "medium",
              "pass": true,
              "fail": false,
              "pending": false,
              "context": null,
              "code": "cy.visit('http://automationpractice.com');\ncy.get('.login').click();\ncy.url().should('contain', 'my-account');",
              "err": {},
              "uuid": "7496692d-cc34-4ae5-b777-7280f8109761",
              "parentUUID": "0163cfb7-8075-4636-808f-4ca180fe512b",
              "isHook": false,
              "skipped": false
            },
            {
              "title": "When I write my email and click on \"Create an account then it redirects me to the user registration screen",
              "fullTitle": "RegisterUser When I write my email and click on \"Create an account then it redirects me to the user registration screen",
              "timedOut": null,
              "duration": 944,
              "state": "passed",
              "speed": "fast",
              "pass": true,
              "fail": false,
              "pending": false,
              "context": null,
              "code": "cy.get('#email_create').type(chance.email());\ncy.get('#SubmitCreate > span').click();\ncy.url().should('contain', 'authentication&back');",
              "err": {},
              "uuid": "4bd914eb-14d1-405c-8d85-722f9c70e837",
              "parentUUID": "0163cfb7-8075-4636-808f-4ca180fe512b",
              "isHook": false,
              "skipped": false
            },
            {
              "title": "When I inform the data and finish, then the registration must be done",
              "fullTitle": "RegisterUser When I inform the data and finish, then the registration must be done",
              "timedOut": null,
              "duration": 13393,
              "state": "passed",
              "speed": "slow",
              "pass": true,
              "fail": false,
              "pending": false,
              "context": null,
              "code": "cy.get('#id_gender2').check();\ncy.get('#customer_firstname').type(chance.first());\ncy.get('#customer_lastname').type(chance.last());\ncy.get('#passwd').type(chance.string());\ncy.get('#days').select(chance.integer({\n  min: 1,\n  max: 30\n}));\ncy.get('#months').select(chance.month());\ncy.get('#years').select(chance.year({\n  min: 1900,\n  max: 2022\n}));\ncy.get('#newsletter').check();\ncy.get('#optin').check();\ncy.get('#company').type(chance.company());\ncy.get('#address1').type(chance.address());\ncy.get('#city').type(chance.city());\ncy.get('#id_state').select(chance.state({\n  full: true\n}));\ncy.get('#postcode').type(chance.zip());\ncy.get('#phone').type(chance.phone());\ncy.get('#phone_mobile').type(chance.phone());\ncy.get('#alias').type(chance.string());\ncy.get('#submitAccount > span').click();\ncy.url().should('contain', 'my-account');",
              "err": {},
              "uuid": "3f902e34-6037-4724-9424-ccaa3baa6861",
              "parentUUID": "0163cfb7-8075-4636-808f-4ca180fe512b",
              "isHook": false,
              "skipped": false
            }
          ],
          "suites": [],
          "passes": [
            "7496692d-cc34-4ae5-b777-7280f8109761",
            "4bd914eb-14d1-405c-8d85-722f9c70e837",
            "3f902e34-6037-4724-9424-ccaa3baa6861"
          ],
          "failures": [],
          "pending": [],
          "skipped": [],
          "duration": 23231,
          "root": false,
          "rootEmpty": false,
          "_timeout": 2000
        }
      ],
      "passes": [],
      "failures": [],
      "pending": [],
      "skipped": [],
      "duration": 0,
      "root": true,
      "rootEmpty": true,
      "_timeout": 2000
    }
  ],
  "meta": {
    "mocha": {
      "version": "7.0.1"
    },
    "mochawesome": {
      "options": {
        "quiet": true,
        "reportFilename": "mochawesome",
        "saveHtml": false,
        "saveJson": true,
        "consoleReporter": "spec",
        "useInlineDiffs": false,
        "code": true
      },
      "version": "7.1.2"
    },
    "marge": {
      "options": {
        "id": "default",
        "reportDir": "mochawesome-report",
        "quiet": true,
        "overwrite": false,
        "html": false,
        "json": true
      },
      "version": "6.1.1"
    }
  }
}