{
  "stats": {
    "suites": 1,
    "tests": 3,
    "passes": 3,
    "pending": 0,
    "failures": 0,
    "start": "2022-03-18T21:09:40.437Z",
    "end": "2022-03-18T21:10:04.499Z",
    "duration": 24062,
    "testsRegistered": 3,
    "passPercent": 100,
    "pendingPercent": 0,
    "other": 0,
    "hasOther": false,
    "skipped": 0,
    "hasSkipped": false
  },
  "results": [
    {
      "uuid": "37d100d8-b974-4b9a-a907-6821d0da5995",
      "title": "",
      "fullFile": "cypress/integration/userRegistration.spec.js",
      "file": "cypress/integration/userRegistration.spec.js",
      "beforeHooks": [],
      "afterHooks": [],
      "tests": [],
      "suites": [
        {
          "uuid": "23119a58-9b52-4955-ba3b-087cdcd9db80",
          "title": "RegisterUser",
          "fullFile": "",
          "file": "",
          "beforeHooks": [],
          "afterHooks": [],
          "tests": [
            {
              "title": "When I click Sign In then it redirects to AUTHENTICATION page",
              "fullTitle": "RegisterUser When I click Sign In then it redirects to AUTHENTICATION page",
              "timedOut": null,
              "duration": 6756,
              "state": "passed",
              "speed": "medium",
              "pass": true,
              "fail": false,
              "pending": false,
              "context": null,
              "code": "cy.visit('http://automationpractice.com');\ncy.get('.login').click();\ncy.url().should('contain', 'my-account');",
              "err": {},
              "uuid": "531b25ec-61f1-4ee6-b82e-c2aeed2becbb",
              "parentUUID": "23119a58-9b52-4955-ba3b-087cdcd9db80",
              "isHook": false,
              "skipped": false
            },
            {
              "title": "When I write my email and click on \"Create an account then it redirects me to the user registration screen",
              "fullTitle": "RegisterUser When I write my email and click on \"Create an account then it redirects me to the user registration screen",
              "timedOut": null,
              "duration": 736,
              "state": "passed",
              "speed": "fast",
              "pass": true,
              "fail": false,
              "pending": false,
              "context": null,
              "code": "cy.get('#email_create').type(chance.email());\ncy.get('#SubmitCreate > span').click();\ncy.url().should('contain', 'authentication&back');",
              "err": {},
              "uuid": "867813f2-2ea1-4138-ba0a-0c612097b057",
              "parentUUID": "23119a58-9b52-4955-ba3b-087cdcd9db80",
              "isHook": false,
              "skipped": false
            },
            {
              "title": "When I inform the data and finish, then the registration must be done",
              "fullTitle": "RegisterUser When I inform the data and finish, then the registration must be done",
              "timedOut": null,
              "duration": 12660,
              "state": "passed",
              "speed": "slow",
              "pass": true,
              "fail": false,
              "pending": false,
              "context": null,
              "code": "cy.get('#id_gender2').check();\ncy.get('#customer_firstname').type(chance.first());\ncy.get('#customer_lastname').type(chance.last());\ncy.get('#passwd').type(chance.string());\ncy.get('#days').select(chance.integer({\n  min: 1,\n  max: 30\n}));\ncy.get('#months').select(chance.month());\ncy.get('#years').select(chance.year({\n  min: 1900,\n  max: 2022\n}));\ncy.get('#newsletter').check();\ncy.get('#optin').check();\ncy.get('#company').type(chance.company());\ncy.get('#address1').type(chance.address());\ncy.get('#city').type(chance.city());\ncy.get('#id_state').select(chance.state({\n  full: true\n}));\ncy.get('#postcode').type(chance.zip());\ncy.get('#phone').type(chance.phone());\ncy.get('#phone_mobile').type(chance.phone());\ncy.get('#alias').type(chance.string());\ncy.get('#submitAccount > span').click();\ncy.url().should('contain', 'my-account');",
              "err": {},
              "uuid": "2e7d9c80-1ee4-4e85-8657-c2debe9a2a44",
              "parentUUID": "23119a58-9b52-4955-ba3b-087cdcd9db80",
              "isHook": false,
              "skipped": false
            }
          ],
          "suites": [],
          "passes": [
            "531b25ec-61f1-4ee6-b82e-c2aeed2becbb",
            "867813f2-2ea1-4138-ba0a-0c612097b057",
            "2e7d9c80-1ee4-4e85-8657-c2debe9a2a44"
          ],
          "failures": [],
          "pending": [],
          "skipped": [],
          "duration": 20152,
          "root": false,
          "rootEmpty": false,
          "_timeout": 2000
        }
      ],
      "passes": [],
      "failures": [],
      "pending": [],
      "skipped": [],
      "duration": 0,
      "root": true,
      "rootEmpty": true,
      "_timeout": 2000
    }
  ],
  "meta": {
    "mocha": {
      "version": "7.0.1"
    },
    "mochawesome": {
      "options": {
        "quiet": true,
        "reportFilename": "mochawesome",
        "saveHtml": false,
        "saveJson": true,
        "consoleReporter": "spec",
        "useInlineDiffs": false,
        "code": true
      },
      "version": "7.1.2"
    },
    "marge": {
      "options": {
        "id": "default",
        "reportDir": "mochawesome-report",
        "quiet": true,
        "overwrite": false,
        "html": false,
        "json": true
      },
      "version": "6.1.1"
    }
  }
}